mode: atomic
github.com/bcgalvin/cdk-kinesis-firehose-athena/internal/pkg/dynamo/client.go:12.34,14.2 1 0
github.com/bcgalvin/cdk-kinesis-firehose-athena/internal/pkg/dynamo/delete_all_counties.go:16.81,24.23 5 0
github.com/bcgalvin/cdk-kinesis-firehose-athena/internal/pkg/dynamo/delete_all_counties.go:41.2,43.44 2 0
github.com/bcgalvin/cdk-kinesis-firehose-athena/internal/pkg/dynamo/delete_all_counties.go:74.2,74.17 1 0
github.com/bcgalvin/cdk-kinesis-firehose-athena/internal/pkg/dynamo/delete_all_counties.go:24.23,26.17 2 0
github.com/bcgalvin/cdk-kinesis-firehose-athena/internal/pkg/dynamo/delete_all_counties.go:29.3,29.34 1 0
github.com/bcgalvin/cdk-kinesis-firehose-athena/internal/pkg/dynamo/delete_all_counties.go:26.17,28.4 1 0
github.com/bcgalvin/cdk-kinesis-firehose-athena/internal/pkg/dynamo/delete_all_counties.go:29.34,32.54 3 0
github.com/bcgalvin/cdk-kinesis-firehose-athena/internal/pkg/dynamo/delete_all_counties.go:35.4,35.54 1 0
github.com/bcgalvin/cdk-kinesis-firehose-athena/internal/pkg/dynamo/delete_all_counties.go:32.54,34.5 1 0
github.com/bcgalvin/cdk-kinesis-firehose-athena/internal/pkg/dynamo/delete_all_counties.go:35.54,37.5 1 0
github.com/bcgalvin/cdk-kinesis-firehose-athena/internal/pkg/dynamo/delete_all_counties.go:43.44,46.21 2 0
github.com/bcgalvin/cdk-kinesis-firehose-athena/internal/pkg/dynamo/delete_all_counties.go:46.21,47.34 1 0
github.com/bcgalvin/cdk-kinesis-firehose-athena/internal/pkg/dynamo/delete_all_counties.go:70.4,70.14 1 0
github.com/bcgalvin/cdk-kinesis-firehose-athena/internal/pkg/dynamo/delete_all_counties.go:47.34,65.19 7 0
github.com/bcgalvin/cdk-kinesis-firehose-athena/internal/pkg/dynamo/delete_all_counties.go:65.19,67.6 1 0
github.com/bcgalvin/cdk-kinesis-firehose-athena/internal/pkg/dynamo/util.go:14.46,16.2 1 0
github.com/bcgalvin/cdk-kinesis-firehose-athena/internal/pkg/dynamo/util.go:18.42,20.2 1 0
github.com/bcgalvin/cdk-kinesis-firehose-athena/internal/pkg/dynamo/util.go:22.61,23.22 1 0
github.com/bcgalvin/cdk-kinesis-firehose-athena/internal/pkg/dynamo/util.go:27.2,28.30 2 0
github.com/bcgalvin/cdk-kinesis-firehose-athena/internal/pkg/dynamo/util.go:31.2,31.18 1 0
github.com/bcgalvin/cdk-kinesis-firehose-athena/internal/pkg/dynamo/util.go:23.22,25.3 1 0
github.com/bcgalvin/cdk-kinesis-firehose-athena/internal/pkg/dynamo/util.go:28.30,30.3 1 0
github.com/bcgalvin/cdk-kinesis-firehose-athena/internal/pkg/dynamo/util.go:34.62,35.24 1 0
github.com/bcgalvin/cdk-kinesis-firehose-athena/internal/pkg/dynamo/util.go:39.2,39.30 1 0
github.com/bcgalvin/cdk-kinesis-firehose-athena/internal/pkg/dynamo/util.go:35.24,37.3 1 0
github.com/bcgalvin/cdk-kinesis-firehose-athena/internal/pkg/dynamo/util.go:42.72,43.24 1 0
github.com/bcgalvin/cdk-kinesis-firehose-athena/internal/pkg/dynamo/util.go:47.2,47.30 1 0
github.com/bcgalvin/cdk-kinesis-firehose-athena/internal/pkg/dynamo/util.go:43.24,45.3 1 0
github.com/bcgalvin/cdk-kinesis-firehose-athena/internal/pkg/dynamo/util.go:50.26,57.2 5 0
github.com/bcgalvin/cdk-kinesis-firehose-athena/internal/pkg/dynamo/write_county.go:61.97,64.46 2 0
github.com/bcgalvin/cdk-kinesis-firehose-athena/internal/pkg/dynamo/write_county.go:98.2,98.17 1 0
github.com/bcgalvin/cdk-kinesis-firehose-athena/internal/pkg/dynamo/write_county.go:64.46,68.21 3 0
github.com/bcgalvin/cdk-kinesis-firehose-athena/internal/pkg/dynamo/write_county.go:68.21,71.42 2 0
github.com/bcgalvin/cdk-kinesis-firehose-athena/internal/pkg/dynamo/write_county.go:86.4,91.18 2 0
github.com/bcgalvin/cdk-kinesis-firehose-athena/internal/pkg/dynamo/write_county.go:94.4,94.14 1 0
github.com/bcgalvin/cdk-kinesis-firehose-athena/internal/pkg/dynamo/write_county.go:71.42,74.19 2 0
github.com/bcgalvin/cdk-kinesis-firehose-athena/internal/pkg/dynamo/write_county.go:77.5,83.26 3 0
github.com/bcgalvin/cdk-kinesis-firehose-athena/internal/pkg/dynamo/write_county.go:74.19,76.6 1 0
github.com/bcgalvin/cdk-kinesis-firehose-athena/internal/pkg/dynamo/write_county.go:91.18,93.5 1 0
github.com/bcgalvin/cdk-kinesis-firehose-athena/internal/pkg/dynamo/write_county.go:101.67,110.2 2 0
github.com/bcgalvin/cdk-kinesis-firehose-athena/internal/pkg/ssm/get_parameter.go:10.57,16.16 4 3
github.com/bcgalvin/cdk-kinesis-firehose-athena/internal/pkg/ssm/get_parameter.go:19.2,19.35 1 2
github.com/bcgalvin/cdk-kinesis-firehose-athena/internal/pkg/ssm/get_parameter.go:22.2,22.50 1 1
github.com/bcgalvin/cdk-kinesis-firehose-athena/internal/pkg/ssm/get_parameter.go:16.16,18.3 1 1
github.com/bcgalvin/cdk-kinesis-firehose-athena/internal/pkg/ssm/get_parameter.go:19.35,21.3 1 1
github.com/bcgalvin/cdk-kinesis-firehose-athena/internal/pkg/ssm/client.go:12.34,16.2 1 0
github.com/bcgalvin/cdk-kinesis-firehose-athena/internal/pkg/s3/delete_object.go:10.61,16.16 2 4
github.com/bcgalvin/cdk-kinesis-firehose-athena/internal/pkg/s3/delete_object.go:20.2,20.12 1 2
github.com/bcgalvin/cdk-kinesis-firehose-athena/internal/pkg/s3/delete_object.go:16.16,18.3 1 2
github.com/bcgalvin/cdk-kinesis-firehose-athena/internal/pkg/s3/delete_object.go:23.79,30.16 2 2
github.com/bcgalvin/cdk-kinesis-firehose-athena/internal/pkg/s3/delete_object.go:34.2,34.12 1 1
github.com/bcgalvin/cdk-kinesis-firehose-athena/internal/pkg/s3/delete_object.go:30.16,32.3 1 1
github.com/bcgalvin/cdk-kinesis-firehose-athena/internal/pkg/s3/download_file.go:14.71,16.16 2 0
github.com/bcgalvin/cdk-kinesis-firehose-athena/internal/pkg/s3/download_file.go:19.2,20.72 2 0
github.com/bcgalvin/cdk-kinesis-firehose-athena/internal/pkg/s3/download_file.go:23.2,28.16 3 0
github.com/bcgalvin/cdk-kinesis-firehose-athena/internal/pkg/s3/download_file.go:31.2,31.12 1 0
github.com/bcgalvin/cdk-kinesis-firehose-athena/internal/pkg/s3/download_file.go:16.16,18.3 1 0
github.com/bcgalvin/cdk-kinesis-firehose-athena/internal/pkg/s3/download_file.go:20.72,22.3 1 0
github.com/bcgalvin/cdk-kinesis-firehose-athena/internal/pkg/s3/download_file.go:28.16,30.3 1 0
github.com/bcgalvin/cdk-kinesis-firehose-athena/internal/pkg/s3/empty_bucket.go:11.55,12.61 1 3
github.com/bcgalvin/cdk-kinesis-firehose-athena/internal/pkg/s3/empty_bucket.go:15.2,15.12 1 1
github.com/bcgalvin/cdk-kinesis-firehose-athena/internal/pkg/s3/empty_bucket.go:12.61,14.3 1 2
github.com/bcgalvin/cdk-kinesis-firehose-athena/internal/pkg/s3/empty_bucket.go:18.66,22.31 4 3
github.com/bcgalvin/cdk-kinesis-firehose-athena/internal/pkg/s3/empty_bucket.go:35.2,35.12 1 1
github.com/bcgalvin/cdk-kinesis-firehose-athena/internal/pkg/s3/empty_bucket.go:22.31,24.17 2 3
github.com/bcgalvin/cdk-kinesis-firehose-athena/internal/pkg/s3/empty_bucket.go:27.3,27.40 1 2
github.com/bcgalvin/cdk-kinesis-firehose-athena/internal/pkg/s3/empty_bucket.go:24.17,26.4 1 1
github.com/bcgalvin/cdk-kinesis-firehose-athena/internal/pkg/s3/empty_bucket.go:27.40,30.58 3 2
github.com/bcgalvin/cdk-kinesis-firehose-athena/internal/pkg/s3/empty_bucket.go:30.58,32.5 1 1
github.com/bcgalvin/cdk-kinesis-firehose-athena/internal/pkg/s3/empty_bucket.go:38.73,41.6 3 0
github.com/bcgalvin/cdk-kinesis-firehose-athena/internal/pkg/s3/empty_bucket.go:66.2,66.12 1 0
github.com/bcgalvin/cdk-kinesis-firehose-athena/internal/pkg/s3/empty_bucket.go:41.6,43.17 2 0
github.com/bcgalvin/cdk-kinesis-firehose-athena/internal/pkg/s3/empty_bucket.go:46.3,46.47 1 0
github.com/bcgalvin/cdk-kinesis-firehose-athena/internal/pkg/s3/empty_bucket.go:52.3,52.42 1 0
github.com/bcgalvin/cdk-kinesis-firehose-athena/internal/pkg/s3/empty_bucket.go:59.3,59.25 1 0
github.com/bcgalvin/cdk-kinesis-firehose-athena/internal/pkg/s3/empty_bucket.go:43.17,45.4 1 0
github.com/bcgalvin/cdk-kinesis-firehose-athena/internal/pkg/s3/empty_bucket.go:46.47,48.118 2 0
github.com/bcgalvin/cdk-kinesis-firehose-athena/internal/pkg/s3/empty_bucket.go:48.118,50.5 1 0
github.com/bcgalvin/cdk-kinesis-firehose-athena/internal/pkg/s3/empty_bucket.go:52.42,54.118 2 0
github.com/bcgalvin/cdk-kinesis-firehose-athena/internal/pkg/s3/empty_bucket.go:54.118,56.5 1 0
github.com/bcgalvin/cdk-kinesis-firehose-athena/internal/pkg/s3/empty_bucket.go:59.25,62.4 2 0
github.com/bcgalvin/cdk-kinesis-firehose-athena/internal/pkg/s3/empty_bucket.go:62.9,63.9 1 0
github.com/bcgalvin/cdk-kinesis-firehose-athena/internal/pkg/s3/upload_file.go:13.69,15.16 2 0
github.com/bcgalvin/cdk-kinesis-firehose-athena/internal/pkg/s3/upload_file.go:18.2,26.12 5 0
github.com/bcgalvin/cdk-kinesis-firehose-athena/internal/pkg/s3/upload_file.go:15.16,17.3 1 0
github.com/bcgalvin/cdk-kinesis-firehose-athena/internal/pkg/s3/util.go:10.33,12.16 2 3
github.com/bcgalvin/cdk-kinesis-firehose-athena/internal/pkg/s3/util.go:15.2,15.36 1 2
github.com/bcgalvin/cdk-kinesis-firehose-athena/internal/pkg/s3/util.go:12.16,14.3 1 1
github.com/bcgalvin/cdk-kinesis-firehose-athena/internal/pkg/s3/util.go:18.43,20.16 2 3
github.com/bcgalvin/cdk-kinesis-firehose-athena/internal/pkg/s3/util.go:23.2,23.33 1 2
github.com/bcgalvin/cdk-kinesis-firehose-athena/internal/pkg/s3/util.go:26.2,26.76 1 1
github.com/bcgalvin/cdk-kinesis-firehose-athena/internal/pkg/s3/util.go:20.16,22.3 1 1
github.com/bcgalvin/cdk-kinesis-firehose-athena/internal/pkg/s3/util.go:23.33,25.3 1 1
github.com/bcgalvin/cdk-kinesis-firehose-athena/internal/pkg/s3/util.go:29.55,36.2 2 2
github.com/bcgalvin/cdk-kinesis-firehose-athena/internal/pkg/s3/bucket_exists.go:12.64,14.16 2 3
github.com/bcgalvin/cdk-kinesis-firehose-athena/internal/pkg/s3/bucket_exists.go:21.2,21.18 1 1
github.com/bcgalvin/cdk-kinesis-firehose-athena/internal/pkg/s3/bucket_exists.go:14.16,16.33 2 2
github.com/bcgalvin/cdk-kinesis-firehose-athena/internal/pkg/s3/bucket_exists.go:19.3,19.20 1 1
github.com/bcgalvin/cdk-kinesis-firehose-athena/internal/pkg/s3/bucket_exists.go:16.33,18.4 1 1
github.com/bcgalvin/cdk-kinesis-firehose-athena/internal/pkg/s3/client.go:12.34,16.2 1 0
github.com/bcgalvin/cdk-kinesis-firehose-athena/internal/pkg/sfn/client.go:12.34,16.2 1 0
github.com/bcgalvin/cdk-kinesis-firehose-athena/internal/pkg/sfn/describe_execution.go:10.95,15.16 3 1
github.com/bcgalvin/cdk-kinesis-firehose-athena/internal/pkg/sfn/describe_execution.go:18.2,18.32 1 1
github.com/bcgalvin/cdk-kinesis-firehose-athena/internal/pkg/sfn/describe_execution.go:21.2,21.17 1 1
github.com/bcgalvin/cdk-kinesis-firehose-athena/internal/pkg/sfn/describe_execution.go:15.16,17.3 1 0
github.com/bcgalvin/cdk-kinesis-firehose-athena/internal/pkg/sfn/describe_execution.go:18.32,20.3 1 0
