mode: atomic
github.com/bcgalvin/cdk-kinesis-firehose/lambdas/internal/pkg/ssm/client.go:12.34,16.2 1 0
github.com/bcgalvin/cdk-kinesis-firehose/lambdas/internal/pkg/ssm/get_parameter.go:10.57,16.16 4 3
github.com/bcgalvin/cdk-kinesis-firehose/lambdas/internal/pkg/ssm/get_parameter.go:19.2,19.35 1 2
github.com/bcgalvin/cdk-kinesis-firehose/lambdas/internal/pkg/ssm/get_parameter.go:22.2,22.50 1 1
github.com/bcgalvin/cdk-kinesis-firehose/lambdas/internal/pkg/ssm/get_parameter.go:16.16,18.3 1 1
github.com/bcgalvin/cdk-kinesis-firehose/lambdas/internal/pkg/ssm/get_parameter.go:19.35,21.3 1 1
